<?xml version="1.0" encoding="UTF-8"?>
<!-- Generated by org.testng.reporters.JUnitXMLReporter -->
<testsuite ignored="0" hostname="LAPTOP-IUAHHAM8" failures="0" tests="4" name="Test" time="0.05" errors="0" timestamp="2022-03-11T21:26:55 IST">
  <testcase classname="com.pageobject.RESTAPITest" name="deleteTwitter" time="0.005"/>
  <testcase classname="com.pageobject.RESTAPITest" name="postJira" time="0.0"/>
  <testcase classname="com.pageobject.AppiumTest" name="IOSApps" time="0.0"/>
  <testcase classname="com.pageobject.AppiumTest" name="NativeAPpAndroid" time="0.001"/>
</testsuite> <!-- Test -->
