<?xml version="1.0" encoding="UTF-8"?>
<testng-results ignored="0" total="2" passed="2" failed="0" skipped="0">
  <reporter-output>
  </reporter-output>
  <suite started-at="2022-03-11T21:29:55 IST" name="Surefire suite" finished-at="2022-03-11T21:29:55 IST" duration-ms="40">
    <groups>
    </groups>
    <test started-at="2022-03-11T21:29:55 IST" name="Surefire test" finished-at="2022-03-11T21:29:55 IST" duration-ms="40">
      <class name="com.pageobject.RESTAPITest">
        <test-method signature="deleteTwitter()[pri:0, instance:com.pageobject.RESTAPITest@3bbc39f8]" started-at="2022-03-11T21:29:55 IST" name="deleteTwitter" finished-at="2022-03-11T21:29:55 IST" duration-ms="4" status="PASS">
          <reporter-output>
          </reporter-output>
        </test-method> <!-- deleteTwitter -->
        <test-method signature="postJira()[pri:0, instance:com.pageobject.RESTAPITest@3bbc39f8]" started-at="2022-03-11T21:29:55 IST" name="postJira" finished-at="2022-03-11T21:29:55 IST" duration-ms="1" status="PASS">
          <reporter-output>
          </reporter-output>
        </test-method> <!-- postJira -->
      </class> <!-- com.pageobject.RESTAPITest -->
    </test> <!-- Surefire test -->
  </suite> <!-- Surefire suite -->
</testng-results>
